<?xml version="1.0" encoding="UTF-8"?>
<testng-results ignored="0" total="2" passed="2" failed="0" skipped="0">
  <reporter-output>
  </reporter-output>
  <suite started-at="2023-05-27T00:25:55 IST" name="sanity Suite" finished-at="2023-05-27T00:26:04 IST" duration-ms="8757">
    <groups>
    </groups>
    <test started-at="2023-05-27T00:25:55 IST" name="google Test" finished-at="2023-05-27T00:26:01 IST" duration-ms="5738">
      <class name="A1_google_test.google_test">
        <test-method signature="validategoogle()[pri:0, instance:A1_google_test.google_test@dbf57b3]" started-at="2023-05-27T00:25:55 IST" name="validategoogle" finished-at="2023-05-27T00:26:01 IST" duration-ms="5703" status="PASS">
          <reporter-output>
          </reporter-output>
        </test-method> <!-- validategoogle -->
      </class> <!-- A1_google_test.google_test -->
    </test> <!-- google Test -->
    <test started-at="2023-05-27T00:26:01 IST" name="bing Test" finished-at="2023-05-27T00:26:04 IST" duration-ms="2999">
      <class name="A2_Bing_test.bing_test">
        <test-method signature="validategoogle()[pri:0, instance:A2_Bing_test.bing_test@16d04d3d]" started-at="2023-05-27T00:26:01 IST" name="validategoogle" finished-at="2023-05-27T00:26:04 IST" duration-ms="2997" status="PASS">
          <reporter-output>
          </reporter-output>
        </test-method> <!-- validategoogle -->
      </class> <!-- A2_Bing_test.bing_test -->
    </test> <!-- bing Test -->
  </suite> <!-- sanity Suite -->
</testng-results>
