<?xml version="1.0" encoding="UTF-8"?>
<testng-results skipped="0" failed="0" ignored="0" total="1" passed="1">
  <reporter-output>
  </reporter-output>
  <suite name="Default suite" duration-ms="3775" started-at="2023-05-27T00:04:20 IST" finished-at="2023-05-27T00:04:24 IST">
    <groups>
    </groups>
    <test name="Default test" duration-ms="3775" started-at="2023-05-27T00:04:20 IST" finished-at="2023-05-27T00:04:24 IST">
      <class name="A2_Bing_test.bing_test">
        <test-method status="PASS" signature="validategoogle()[pri:0, instance:A2_Bing_test.bing_test@462d5aee]" name="validategoogle" duration-ms="3741" started-at="2023-05-27T00:04:20 IST" finished-at="2023-05-27T00:04:24 IST">
          <reporter-output>
          </reporter-output>
        </test-method> <!-- validategoogle -->
      </class> <!-- A2_Bing_test.bing_test -->
    </test> <!-- Default test -->
  </suite> <!-- Default suite -->
</testng-results>
